Virtual User Script started at : 13/02/2016 20:59:09
Starting action vuser_init.
Web Turbo Replay of LoadRunner 12.50.0 for Windows 8; build 1096 (feb. 13 2016 16:55:24)  	[MsgId: MMSG-27143]
Run mode: HTML  	[MsgId: MMSG-26993]
Replay user agent: Mozilla/5.0 (Windows NT 10.0; WOW64; rv:43.0) Gecko/20100101 Firefox/43.0  	[MsgId: MMSG-26988]
Run-Time Settings file: "D:\scriptsloadrunner\loadrunner\eci\\default.cfg"  	[MsgId: MMSG-27141]
Ending action vuser_init.
Running Vuser...
Starting iteration 1.
Maximum number of concurrent connections per server: 6  	[MsgId: MMSG-26989]
Starting action Action.
Action.js(10): web.url("www.elcorteingles.es") started  	[MsgId: MMSG-26355]
Action.js(10): Found resource "http://www.elcorteingles.es/sgfm/SGFM/assets/stylesheets/crs.css" in HTML "http://www.elcorteingles.es/"  	[MsgId: MMSG-26659]
Action.js(10): Downloading resource "http://www.elcorteingles.es/sgfm/SGFM/assets/stylesheets/fonts/opensans-regular-webfont.woff" (specified by argument number 10)  	[MsgId: MMSG-26577]
Action.js(10): Downloading resource "http://www.elcorteingles.es/sgfm/SGFM/assets/stylesheets/fonts/opensans-bold-webfont.woff" (specified by argument number 13)  	[MsgId: MMSG-26577]
Action.js(10): Downloading resource "http://www.elcorteingles.es/sgfm/SGFM/assets/stylesheets/fonts/moonshine-font.woff" (specified by argument number 16)  	[MsgId: MMSG-26577]
Action.js(10): Downloading resource "http://www.elcorteingles.es/sgfm/SGFM/assets/javascripts/library/external/dust-helpers.min.js" (specified by argument number 19)  	[MsgId: MMSG-26577]
Action.js(10): Downloading resource "http://www.elcorteingles.es/sgfm/SGFM/assets/stylesheets/fonts/lato-regular-webfont.woff" (specified by argument number 21)  	[MsgId: MMSG-26577]
Action.js(10): Downloading resource "http://www.elcorteingles.es/sgfm/SGFM/assets/javascripts/library/external/dust-core.min.js" (specified by argument number 24)  	[MsgId: MMSG-26577]
Action.js(10): Downloading resource "http://www.googletagmanager.com/gtm.js?id=GTM-TMQVMD" (specified by argument number 26)  	[MsgId: MMSG-26577]
Action.js(10): Downloading resource "http://www.elcorteingles.es/sgfm/SGFM/assets/javascripts/compiled/templates.js" (specified by argument number 28)  	[MsgId: MMSG-26577]
Action.js(10): Downloading resource "http://www.elcorteingles.es/sgfm/SGFM/assets/javascripts/library/external/form2js.min.js" (specified by argument number 30)  	[MsgId: MMSG-26577]
Action.js(10): Downloading resource "http://www.elcorteingles.es/sgfm/SGFM/assets/stylesheets/images/confianza-online-icon.svg" (specified by argument number 32)  	[MsgId: MMSG-26577]
Action.js(10): Found resource "http://www.elcorteingles.es/sgfm/SGFM/assets/javascripts/library/external/adrum.min.js" in HTML "http://www.elcorteingles.es/"  	[MsgId: MMSG-26659]
Action.js(10): Found resource "http://www.elcorteingles.es/sgfm/SGFM/assets/javascripts/geci.moonshine.min.js" in HTML "http://www.elcorteingles.es/"  	[MsgId: MMSG-26659]
Action.js(10): Found resource "http://www.elcorteingles.es/sgfm/SGFM/contents/images/uploads/2016/02/56b9a75e27f8deb46b5dd400.gif" in HTML "http://www.elcorteingles.es/"  	[MsgId: MMSG-26659]
Action.js(10): Found resource "http://www.elcorteingles.es/sgfm/SGFM/contents/images/uploads/2016/02/56b85a7b73499ca8328a338f.gif" in HTML "http://www.elcorteingles.es/"  	[MsgId: MMSG-26659]
Action.js(10): Found resource "http://www.elcorteingles.es/sgfm/SGFM/contents/images/uploads/2016/02/56bc6b6d806e8ba26b5e676b.jpg" in HTML "http://www.elcorteingles.es/"  	[MsgId: MMSG-26659]
Action.js(10): Found resource "http://www.elcorteingles.es/sgfm/SGFM/contents/images/uploads/2016/02/56bc5627387d34cf6bd2ee63.jpg" in HTML "http://www.elcorteingles.es/"  	[MsgId: MMSG-26659]
Action.js(10): Found resource "http://www.elcorteingles.es/sgfm/SGFM/contents/images/uploads/2016/02/56bc62c027f8deb46b5dd4a6.jpg" in HTML "http://www.elcorteingles.es/"  	[MsgId: MMSG-26659]
Action.js(10): Found resource "http://www.elcorteingles.es/sgfm/SGFM/contents/images/uploads/2016/02/56bc4e7e806e8ba26b5e66ed.jpg" in HTML "http://www.elcorteingles.es/"  	[MsgId: MMSG-26659]
Action.js(10): Found resource "http://www.elcorteingles.es/sgfm/SGFM/contents/images/uploads/2016/02/56bc565e387d34cf6bd2ee65.jpg" in HTML "http://www.elcorteingles.es/"  	[MsgId: MMSG-26659]
Action.js(10): Found resource "http://www.elcorteingles.es/sgfm/SGFM/contents/images/uploads/2016/02/56bc4e6c781d259d6b5b3634.jpg" in HTML "http://www.elcorteingles.es/"  	[MsgId: MMSG-26659]
Action.js(10): Found resource "http://www.elcorteingles.es/sgfm/SGFM/contents/images/uploads/2016/02/56bc567b387d34cf6bd2ee66.jpg" in HTML "http://www.elcorteingles.es/"  	[MsgId: MMSG-26659]
Action.js(10): Found resource "http://www.elcorteingles.es/sgfm/SGFM/contents/images/uploads/2016/02/56bc4e90806e8ba26b5e66ee.jpg" in HTML "http://www.elcorteingles.es/"  	[MsgId: MMSG-26659]
Action.js(10): Found resource "http://www.elcorteingles.es/sgfm/SGFM/contents/images/uploads/2016/02/56ba15144b0e71c66be4f4c0.jpg" in HTML "http://www.elcorteingles.es/"  	[MsgId: MMSG-26659]
Action.js(10): Found resource "http://www.elcorteingles.es/sgfm/SGFM/contents/images/uploads/2016/02/56ba15264b0e71c66be4f4c1.jpg" in HTML "http://www.elcorteingles.es/"  	[MsgId: MMSG-26659]
Action.js(10): Found resource "http://www.elcorteingles.es/sgfm/SGFM/contents/images/uploads/2016/02/56bb74da32f51fbd6b2ecfcd.jpg" in HTML "http://www.elcorteingles.es/"  	[MsgId: MMSG-26659]
Action.js(10): Found resource "http://www.elcorteingles.es/sgfm/SGFM/contents/images/uploads/2016/02/56bb19ba806e8ba26b5e6661.jpg" in HTML "http://www.elcorteingles.es/"  	[MsgId: MMSG-26659]
Action.js(10): Found resource "http://www.elcorteingles.es/sgfm/SGFM/contents/images/uploads/2016/02/56bcab5632f51fbd6b2ed016.jpg" in HTML "http://www.elcorteingles.es/"  	[MsgId: MMSG-26659]
Action.js(10): Found resource "http://www.elcorteingles.es/sgfm/SGFM/contents/images/uploads/2015/07/55ae447cb08b6d45661619f2.jpg" in HTML "http://www.elcorteingles.es/"  	[MsgId: MMSG-26659]
Action.js(10): Found resource "http://www.elcorteingles.es/sgfm/SGFM/contents/images/uploads/2015/07/55ae4491b08b6d45661619f3.jpg" in HTML "http://www.elcorteingles.es/"  	[MsgId: MMSG-26659]
Action.js(10): Found resource "http://www.elcorteingles.es/sgfm/SGFM/contents/images/uploads/2016/02/56b343b3798b62b63227806d.jpg" in HTML "http://www.elcorteingles.es/"  	[MsgId: MMSG-26659]
Action.js(10): Found resource "http://www.elcorteingles.es/sgfm/SGFM/contents/images/uploads/2016/02/56b88b9473499ca8328a33ad.jpg" in HTML "http://www.elcorteingles.es/"  	[MsgId: MMSG-26659]
Action.js(10): Found resource "http://www.elcorteingles.es/sgfm/SGFM/contents/images/uploads/2016/01/56a9f6a121956b083f2658e5.jpg" in HTML "http://www.elcorteingles.es/"  	[MsgId: MMSG-26659]
Action.js(10): Found resource "http://www.elcorteingles.es/sgfm/SGFM/contents/images/uploads/2015/07/55a382638f31a8006373cf94.jpg" in HTML "http://www.elcorteingles.es/"  	[MsgId: MMSG-26659]
Action.js(10): web.url("www.elcorteingles.es") was successful, 1569235 body bytes, 9157 header bytes  	[MsgId: MMSG-26386]
Ending action Action.
Ending iteration 1.
Ending Vuser...
Starting action vuser_end.
Ending action vuser_end.
Vuser Terminated.
